<?xml version="1.0" encoding="UTF-8" ?>
<testsuite errors="1" failures="0" hostname="MacBook-Pro-Arsenij-3.local" name="labs.SampleTest" skipped="0" tests="1" time="0.057" timestamp="2025-05-22T14:39:14">
  <properties>
[...]
</properties>
  <testcase classname="labs.SampleTest" name="initializationError" time="0.002">
    <error message="Invalid test class &apos;labs.SampleTest&apos;:&#xa;  1. No runnable methods" type="org.junit.runners.model.InvalidTestClassError">org.junit.runners.model.InvalidTestClassError: Invalid test class &apos;labs.SampleTest&apos;:
  1. No runnable methods
	at java.base/jdk.internal.reflect.DirectConstructorHandleAccessor.newInstance(DirectConstructorHandleAccessor.java:62)
	at java.base/java.lang.reflect.Constructor.newInstanceWithCaller(Constructor.java:501)
	at java.base/java.lang.reflect.Constructor.newInstance(Constructor.java:485)
</error>
  </testcase>
  <system-out><![CDATA[]]></system-out>
  <system-err><![CDATA[]]></system-err>
</testsuite>
